[2021-08-30 15:07:08] local.ERROR: Unmatched '}' {"exception":"[object] (ParseError(code: 0): Unmatched '}' at D:\\Xamp\\htdocs\\Shop\\app\\Http\\Controllers\\LoginController.php:34)
[stacktrace]
#0 D:\\Xamp\\htdocs\\Shop\\vendor\\composer\\ClassLoader.php(322): Composer\\Autoload\\includeFile('D:\\\\Xamp\\\\htdocs\\\\...')
#1 [internal function]: Composer\\Autoload\\ClassLoader->loadClass('App\\\\Http\\\\Contro...')
#2 D:\\Xamp\\htdocs\\Shop\\vendor\\laravel\\framework\\src\\Illuminate\\Container\\Container.php(830): ReflectionClass->__construct('App\\\\Http\\\\Contro...')
#3 D:\\Xamp\\htdocs\\Shop\\vendor\\laravel\\framework\\src\\Illuminate\\Container\\Container.php(712): Illuminate\\Container\\Container->build('App\\\\Http\\\\Contro...')
#4 D:\\Xamp\\htdocs\\Shop\\vendor\\laravel\\framework\\src\\Illuminate\\Foundation\\Application.php(841): Illuminate\\Container\\Container->resolve('App\\\\Http\\\\Contro...', Array, true)
#5 D:\\Xamp\\htdocs\\Shop\\vendor\\laravel\\framework\\src\\Illuminate\\Container\\Container.php(651): Illuminate\\Foundation\\Application->resolve('App\\\\Http\\\\Contro...', Array)
#6 D:\\Xamp\\htdocs\\Shop\\vendor\\laravel\\framework\\src\\Illuminate\\Foundation\\Application.php(826): Illuminate\\Container\\Container->make('App\\\\Http\\\\Contro...', Array)
#7 D:\\Xamp\\htdocs\\Shop\\vendor\\laravel\\framework\\src\\Illuminate\\Routing\\Route.php(268): Illuminate\\Foundation\\Application->make('App\\\\Http\\\\Contro...')
#8 D:\\Xamp\\htdocs\\Shop\\vendor\\laravel\\framework\\src\\Illuminate\\Routing\\Route.php(1019): Illuminate\\Routing\\Route->getController()
#9 D:\\Xamp\\htdocs\\Shop\\vendor\\laravel\\framework\\src\\Illuminate\\Routing\\Route.php(980): Illuminate\\Routing\\Route->controllerMiddleware()
#10 D:\\Xamp\\htdocs\\Shop\\vendor\\laravel\\framework\\src\\Illuminate\\Routing\\Router.php(710): Illuminate\\Routing\\Route->gatherMiddleware()
#11 D:\\Xamp\\htdocs\\Shop\\vendor\\laravel\\framework\\src\\Illuminate\\Routing\\Router.php(686): Illuminate\\Routing\\Router->gatherRouteMiddleware(Object(Illuminate\\Routing\\Route))
#12 D:\\Xamp\\htdocs\\Shop\\vendor\\laravel\\framework\\src\\Illuminate\\Routing\\Router.php(670): Illuminate\\Routing\\Router->runRouteWithinStack(Object(Illuminate\\Routing\\Route), Object(Illuminate\\Http\\Request))
#13 D:\\Xamp\\htdocs\\Shop\\vendor\\laravel\\framework\\src\\Illuminate\\Routing\\Router.php(636): Illuminate\\Routing\\Router->runRoute(Object(Illuminate\\Http\\Request), Object(Illuminate\\Routing\\Route))
#14 D:\\Xamp\\htdocs\\Shop\\vendor\\laravel\\framework\\src\\Illuminate\\Routing\\Router.php(625): Illuminate\\Routing\\Router->dispatchToRoute(Object(Illuminate\\Http\\Request))
#15 D:\\Xamp\\htdocs\\Shop\\vendor\\laravel\\framework\\src\\Illuminate\\Foundation\\Http\\Kernel.php(166): Illuminate\\Routing\\Router->dispatch(Object(Illuminate\\Http\\Request))
#16 D:\\Xamp\\htdocs\\Shop\\vendor\\laravel\\framework\\src\\Illuminate\\Pipeline\\Pipeline.php(128): Illuminate\\Foundation\\Http\\Kernel->Illuminate\\Foundation\\Http\\{closure}(Object(Illuminate\\Http\\Request))
#17 D:\\Xamp\\htdocs\\Shop\\vendor\\laravel\\framework\\src\\Illuminate\\Foundation\\Http\\Middleware\\TransformsRequest.php(21): Illuminate\\Pipeline\\Pipeline->Illuminate\\Pipeline\\{closure}(Object(Illuminate\\Http\\Request))
#18 D:\\Xamp\\htdocs\\Shop\\vendor\\laravel\\framework\\src\\Illuminate\\Pipeline\\Pipeline.php(167): Illuminate\\Foundation\\Http\\Middleware\\TransformsRequest->handle(Object(Illuminate\\Http\\Request), Object(Closure))
#19 D:\\Xamp\\htdocs\\Shop\\vendor\\laravel\\framework\\src\\Illuminate\\Foundation\\Http\\Middleware\\TransformsRequest.php(21): Illuminate\\Pipeline\\Pipeline->Illuminate\\Pipeline\\{closure}(Object(Illuminate\\Http\\Request))
#20 D:\\Xamp\\htdocs\\Shop\\vendor\\laravel\\framework\\src\\Illuminate\\Pipeline\\Pipeline.php(167): Illuminate\\Foundation\\Http\\Middleware\\TransformsRequest->handle(Object(Illuminate\\Http\\Request), Object(Closure))
#21 D:\\Xamp\\htdocs\\Shop\\vendor\\laravel\\framework\\src\\Illuminate\\Foundation\\Http\\Middleware\\ValidatePostSize.php(27): Illuminate\\Pipeline\\Pipeline->Illuminate\\Pipeline\\{closure}(Object(Illuminate\\Http\\Request))
#22 D:\\Xamp\\htdocs\\Shop\\vendor\\laravel\\framework\\src\\Illuminate\\Pipeline\\Pipeline.php(167): Illuminate\\Foundation\\Http\\Middleware\\ValidatePostSize->handle(Object(Illuminate\\Http\\Request), Object(Closure))
#23 D:\\Xamp\\htdocs\\Shop\\vendor\\laravel\\framework\\src\\Illuminate\\Foundation\\Http\\Middleware\\PreventRequestsDuringMaintenance.php(86): Illuminate\\Pipeline\\Pipeline->Illuminate\\Pipeline\\{closure}(Object(Illuminate\\Http\\Request))
#24 D:\\Xamp\\htdocs\\Shop\\vendor\\laravel\\framework\\src\\Illuminate\\Pipeline\\Pipeline.php(167): Illuminate\\Foundation\\Http\\Middleware\\PreventRequestsDuringMaintenance->handle(Object(Illuminate\\Http\\Request), Object(Closure))
#25 D:\\Xamp\\htdocs\\Shop\\vendor\\fruitcake\\laravel-cors\\src\\HandleCors.php(37): Illuminate\\Pipeline\\Pipeline->Illuminate\\Pipeline\\{closure}(Object(Illuminate\\Http\\Request))
#26 D:\\Xamp\\htdocs\\Shop\\vendor\\laravel\\framework\\src\\Illuminate\\Pipeline\\Pipeline.php(167): Fruitcake\\Cors\\HandleCors->handle(Object(Illuminate\\Http\\Request), Object(Closure))
#27 D:\\Xamp\\htdocs\\Shop\\vendor\\fideloper\\proxy\\src\\TrustProxies.php(57): Illuminate\\Pipeline\\Pipeline->Illuminate\\Pipeline\\{closure}(Object(Illuminate\\Http\\Request))
#28 D:\\Xamp\\htdocs\\Shop\\vendor\\laravel\\framework\\src\\Illuminate\\Pipeline\\Pipeline.php(167): Fideloper\\Proxy\\TrustProxies->handle(Object(Illuminate\\Http\\Request), Object(Closure))
#29 D:\\Xamp\\htdocs\\Shop\\vendor\\laravel\\framework\\src\\Illuminate\\Pipeline\\Pipeline.php(103): Illuminate\\Pipeline\\Pipeline->Illuminate\\Pipeline\\{closure}(Object(Illuminate\\Http\\Request))
#30 D:\\Xamp\\htdocs\\Shop\\vendor\\laravel\\framework\\src\\Illuminate\\Foundation\\Http\\Kernel.php(141): Illuminate\\Pipeline\\Pipeline->then(Object(Closure))
#31 D:\\Xamp\\htdocs\\Shop\\vendor\\laravel\\framework\\src\\Illuminate\\Foundation\\Http\\Kernel.php(110): Illuminate\\Foundation\\Http\\Kernel->sendRequestThroughRouter(Object(Illuminate\\Http\\Request))
#32 D:\\Xamp\\htdocs\\Shop\\public\\index.php(52): Illuminate\\Foundation\\Http\\Kernel->handle(Object(Illuminate\\Http\\Request))
#33 D:\\Xamp\\htdocs\\Shop\\server.php(21): require_once('D:\\\\Xamp\\\\htdocs\\\\...')
#34 {main}
"} 
